[16:06:21] [INIT] KubeJS 1902.6.2-build.73; MC 1902 forge
[16:06:21] [INIT] Loaded plugins:
[16:06:21] [INIT] - dev.latvian.mods.kubejs.forge.BuiltinKubeJSForgePlugin
[16:06:21] [INIT] - dev.latvian.mods.kubejs.forge.BuiltinKubeJSForgeClientPlugin
[16:06:21] [INIT] - fr.frinn.custommachinery.common.integration.kubejs.CustomMachineryKubeJSPlugin
[16:06:21] [INIT] - dev.latvian.mods.kubejs.thermal.KubeJSThermalPlugin
[16:06:21] [INIT] - io.ticticboom.mods.mm.compat.kjs.MMKubeJSPlugin
[16:06:21] [INIT] - com.probejs.ProbeJSPlugin
[16:06:21] [INIT] - novamachina.exnihilosequentia.common.compat.kubejs.KubeJSExNihiloPlugin
[16:06:21] [INFO] Loaded script server_scripts:example.js in 0.005 s
[16:06:21] [INFO] Loaded 1/1 KubeJS server scripts in 0.009 s
[16:06:21] [INFO] Scripts loaded
[16:06:21] [INFO] Initializing recipe event...
[16:06:22] [INFO] [minecraft:block] Found 381 tags, added 2 objects, removed 0 objects
[16:06:22] [INFO] Processing recipes...
[16:06:22] [INFO] Found 6502 recipes in 59.32 ms
[16:06:22] [INFO] Posted recipe events in 16.15 ms
[16:06:22] [WARN] Error parsing recipe nuclearcraft:centrifuge/d_f_thorium_tbu[nuclearcraft:centrifuge]: {"type":"nuclearcraft:centrifuge","inputFluids":[{"amount":1296,"fluid":"nuclearcraft:depleted_fuel_thorium_tbu"}],"outputFluids":[{"amount":144,"tag":"forge:uranium/233"},{"amount":720,"tag":"forge:uranium/238"},{"amount":144,"tag":"forge:neptunium/236"},{"amount":144,"tag":"forge:neptunium/237"},{"amount":144,"tag":"forge:strontium_90"},{"amount":144,"tag":"forge:caesium_137"}],"powerModifier":1.0,"radiation":1.0,"timeModifier":0.5}: java.lang.NullPointerException: Recipe name cannot be null.
[16:06:22] [WARN] Error parsing recipe nuclearcraft:assembler/fuel_mixed_mix_239-dusts_graphite-ingots_pyrolitic_carbon-ingots_silicon_carbide[nuclearcraft:assembler]: {"type":"nuclearcraft:assembler","input":[{"count":9,"item":"nuclearcraft:fuel_mixed_mix_239"},{"tag":"forge:dusts/graphite"},{"tag":"forge:ingots/pyrolitic_carbon"},{"tag":"forge:ingots/silicon_carbide"}],"output":[{"count":9,"item":"nuclearcraft:fuel_mixed_mix_239_tr"}],"powerModifier":1.0,"radiation":1.0,"timeModifier":1.0}: java.lang.NullPointerException: Recipe name cannot be null.
[16:06:22] [WARN] Error parsing recipe nuclearcraft:ingot_former/d_f_thorium_tbu_za[nuclearcraft:ingot_former]: {"type":"nuclearcraft:ingot_former","inputFluids":[{"amount":144,"fluid":"nuclearcraft:depleted_fuel_thorium_tbu_za"}],"output":[{"item":"nuclearcraft:depleted_fuel_thorium_tbu_za"}],"powerModifier":1.0,"radiation":1.0,"timeModifier":1.0}: java.lang.NullPointerException: Recipe name cannot be null.
[16:06:22] [WARN] Error parsing recipe nuclearcraft:ingot_former/boron_11[nuclearcraft:ingot_former]: {"type":"nuclearcraft:ingot_former","inputFluids":[{"amount":144,"fluid":"nuclearcraft:boron_11"}],"output":[{"item":"nuclearcraft:boron_11"}],"powerModifier":1.0,"radiation":1.0,"timeModifier":1.0}: java.lang.NullPointerException: Recipe name cannot be null.
[16:06:22] [WARN] Error parsing recipe nuclearcraft:melter/ores_silver[nuclearcraft:melter]: {"type":"nuclearcraft:melter","input":[{"tag":"forge:ores/silver"}],"outputFluids":[{"amount":288,"tag":"forge:silver"}],"powerModifier":1.0,"radiation":1.0,"timeModifier":1.0}: java.lang.NullPointerException: Recipe name cannot be null.
[16:06:22] [WARN] Error parsing recipe nuclearcraft:ingot_former/d_f_thorium_tbu[nuclearcraft:ingot_former]: {"type":"nuclearcraft:ingot_former","inputFluids":[{"amount":144,"fluid":"nuclearcraft:depleted_fuel_thorium_tbu"}],"output":[{"item":"nuclearcraft:depleted_fuel_thorium_tbu"}],"powerModifier":1.0,"radiation":1.0,"timeModifier":1.0}: java.lang.NullPointerException: Recipe name cannot be null.
[16:06:22] [WARN] Error parsing recipe nuclearcraft:pressurizer/ingots_magnesium[nuclearcraft:pressurizer]: {"type":"nuclearcraft:pressurizer","input":[{"tag":"forge:ingots/magnesium"}],"output":[{"item":"nuclearcraft:magnesium_plate"}],"powerModifier":1.0,"radiation":1.0,"timeModifier":1.0}: java.lang.NullPointerException: Recipe name cannot be null.
[16:06:22] [WARN] Error parsing recipe nuclearcraft:ingot_former/d_f_neptunium_len_236_za[nuclearcraft:ingot_former]: {"type":"nuclearcraft:ingot_former","inputFluids":[{"amount":144,"fluid":"nuclearcraft:depleted_fuel_neptunium_len_236_za"}],"output":[{"item":"nuclearcraft:depleted_fuel_neptunium_len_236_za"}],"powerModifier":1.0,"radiation":1.0,"timeModifier":1.0}: java.lang.NullPointerException: Recipe name cannot be null.
[16:06:22] [WARN] Error parsing recipe nuclearcraft:melter/raw_materials_tough_alloy[nuclearcraft:melter]: {"type":"nuclearcraft:melter","input":[{"tag":"forge:raw_materials/tough_alloy"}],"outputFluids":[{"amount":216,"tag":"forge:tough_alloy"}],"powerModifier":1.0,"radiation":1.0,"timeModifier":1.0}: java.lang.NullPointerException: Recipe name cannot be null.
[16:06:22] [INFO] Added 17 recipes, removed 8 recipes, modified 0 recipes, with 9 failed recipes in 34.10 ms
[16:06:23] [INFO] Collecting Custom Machine upgrades from JS scripts.
[16:06:23] [INFO] Successfully added 0 Custom Machine upgrades
